<?xml version="1.0" encoding="UTF-8"?>
<testsuite xmlns:xsi="http://www.w3.org/2001/XMLSchema-instance" xsi:noNamespaceSchemaLocation="https://maven.apache.org/surefire/maven-surefire-plugin/xsd/surefire-test-report-3.0.xsd" version="3.0" name="com.algonquincollege.cst8277.assignment3.model.BankingTestSuite" time="1.827" tests="40" errors="2" skipped="0" failures="0">
  <properties>
    <property name="sun.desktop" value="windows"/>
    <property name="awt.toolkit" value="sun.awt.windows.WToolkit"/>
    <property name="file.encoding.pkg" value="sun.io"/>
    <property name="java.specification.version" value="1.8"/>
    <property name="sun.cpu.isalist" value="amd64"/>
    <property name="sun.jnu.encoding" value="Cp1252"/>
    <property name="java.class.path" value="C:\Algonquin College\Semester_4\19F_CST8276 Advance Database Topics\19FAssignment3_starter\target\test-classes;C:\Algonquin College\Semester_4\19F_CST8276 Advance Database Topics\19FAssignment3_starter\target\classes;C:\Users\parth\.m2\repository\org\slf4j\slf4j-api\1.7.25\slf4j-api-1.7.25.jar;C:\Users\parth\.m2\repository\ch\qos\logback\logback-classic\1.2.3\logback-classic-1.2.3.jar;C:\Users\parth\.m2\repository\ch\qos\logback\logback-core\1.2.3\logback-core-1.2.3.jar;C:\Users\parth\.m2\repository\org\eclipse\persistence\eclipselink\2.7.3\eclipselink-2.7.3.jar;C:\Users\parth\.m2\repository\org\eclipse\persistence\commonj.sdo\2.1.1\commonj.sdo-2.1.1.jar;C:\Users\parth\.m2\repository\javax\validation\validation-api\2.0.1.Final\validation-api-2.0.1.Final.jar;C:\Users\parth\.m2\repository\javax\json\javax.json-api\1.1.2\javax.json-api-1.1.2.jar;C:\Users\parth\.m2\repository\javax\persistence\javax.persistence-api\2.2\javax.persistence-api-2.2.jar;C:\Users\parth\.m2\repository\org\eclipse\persistence\org.eclipse.persistence.jpa.modelgen.processor\2.7.3\org.eclipse.persistence.jpa.modelgen.processor-2.7.3.jar;C:\Users\parth\.m2\repository\org\eclipse\persistence\org.eclipse.persistence.core\2.7.3\org.eclipse.persistence.core-2.7.3.jar;C:\Users\parth\.m2\repository\org\eclipse\persistence\org.eclipse.persistence.asm\2.7.3\org.eclipse.persistence.asm-2.7.3.jar;C:\Users\parth\.m2\repository\org\eclipse\persistence\org.eclipse.persistence.jpa\2.7.3\org.eclipse.persistence.jpa-2.7.3.jar;C:\Users\parth\.m2\repository\org\eclipse\persistence\javax.persistence\2.2.1\javax.persistence-2.2.1.jar;C:\Users\parth\.m2\repository\org\eclipse\persistence\org.eclipse.persistence.antlr\2.7.3\org.eclipse.persistence.antlr-2.7.3.jar;C:\Users\parth\.m2\repository\org\eclipse\persistence\org.eclipse.persistence.jpa.jpql\2.7.3\org.eclipse.persistence.jpa.jpql-2.7.3.jar;C:\Users\parth\.m2\repository\org\eclipse\persistence\org.eclipse.persistence.extension\2.7.3\org.eclipse.persistence.extension-2.7.3.jar;C:\Users\parth\.m2\repository\com\h2database\h2\1.4.199\h2-1.4.199.jar;C:\Users\parth\.m2\repository\junit\junit\4.12\junit-4.12.jar;C:\Users\parth\.m2\repository\org\hamcrest\hamcrest-core\1.3\hamcrest-core-1.3.jar;"/>
    <property name="java.vm.vendor" value=""/>
    <property name="sun.arch.data.model" value="64"/>
    <property name="user.variant" value=""/>
    <property name="java.vendor.url" value="http://java.oracle.com/"/>
    <property name="user.timezone" value="America/New_York"/>
    <property name="java.vm.specification.version" value="1.8"/>
    <property name="os.name" value="Windows 10"/>
    <property name="user.country" value="CA"/>
    <property name="sun.java.launcher" value="SUN_STANDARD"/>
    <property name="sun.boot.library.path" value="C:\java\jdk8u222-b10\jre\bin"/>
    <property name="sun.java.command" value="C:\Users\parth\AppData\Local\Temp\surefire8669694443800228339\surefirebooter1221873544511954139.jar C:\Users\parth\AppData\Local\Temp\surefire8669694443800228339 2019-11-20T14-11-45_757-jvmRun1 surefire8107129367878375006tmp surefire_05584403038585130076tmp"/>
    <property name="test" value="!FailingTestSuite"/>
    <property name="surefire.test.class.path" value="C:\Algonquin College\Semester_4\19F_CST8276 Advance Database Topics\19FAssignment3_starter\target\test-classes;C:\Algonquin College\Semester_4\19F_CST8276 Advance Database Topics\19FAssignment3_starter\target\classes;C:\Users\parth\.m2\repository\org\slf4j\slf4j-api\1.7.25\slf4j-api-1.7.25.jar;C:\Users\parth\.m2\repository\ch\qos\logback\logback-classic\1.2.3\logback-classic-1.2.3.jar;C:\Users\parth\.m2\repository\ch\qos\logback\logback-core\1.2.3\logback-core-1.2.3.jar;C:\Users\parth\.m2\repository\org\eclipse\persistence\eclipselink\2.7.3\eclipselink-2.7.3.jar;C:\Users\parth\.m2\repository\org\eclipse\persistence\commonj.sdo\2.1.1\commonj.sdo-2.1.1.jar;C:\Users\parth\.m2\repository\javax\validation\validation-api\2.0.1.Final\validation-api-2.0.1.Final.jar;C:\Users\parth\.m2\repository\javax\json\javax.json-api\1.1.2\javax.json-api-1.1.2.jar;C:\Users\parth\.m2\repository\javax\persistence\javax.persistence-api\2.2\javax.persistence-api-2.2.jar;C:\Users\parth\.m2\repository\org\eclipse\persistence\org.eclipse.persistence.jpa.modelgen.processor\2.7.3\org.eclipse.persistence.jpa.modelgen.processor-2.7.3.jar;C:\Users\parth\.m2\repository\org\eclipse\persistence\org.eclipse.persistence.core\2.7.3\org.eclipse.persistence.core-2.7.3.jar;C:\Users\parth\.m2\repository\org\eclipse\persistence\org.eclipse.persistence.asm\2.7.3\org.eclipse.persistence.asm-2.7.3.jar;C:\Users\parth\.m2\repository\org\eclipse\persistence\org.eclipse.persistence.jpa\2.7.3\org.eclipse.persistence.jpa-2.7.3.jar;C:\Users\parth\.m2\repository\org\eclipse\persistence\javax.persistence\2.2.1\javax.persistence-2.2.1.jar;C:\Users\parth\.m2\repository\org\eclipse\persistence\org.eclipse.persistence.antlr\2.7.3\org.eclipse.persistence.antlr-2.7.3.jar;C:\Users\parth\.m2\repository\org\eclipse\persistence\org.eclipse.persistence.jpa.jpql\2.7.3\org.eclipse.persistence.jpa.jpql-2.7.3.jar;C:\Users\parth\.m2\repository\org\eclipse\persistence\org.eclipse.persistence.extension\2.7.3\org.eclipse.persistence.extension-2.7.3.jar;C:\Users\parth\.m2\repository\com\h2database\h2\1.4.199\h2-1.4.199.jar;C:\Users\parth\.m2\repository\junit\junit\4.12\junit-4.12.jar;C:\Users\parth\.m2\repository\org\hamcrest\hamcrest-core\1.3\hamcrest-core-1.3.jar;"/>
    <property name="sun.cpu.endian" value="little"/>
    <property name="user.home" value="C:\Users\parth"/>
    <property name="user.language" value="en"/>
    <property name="java.specification.vendor" value="Oracle Corporation"/>
    <property name="java.home" value="C:\java\jdk8u222-b10\jre"/>
    <property name="basedir" value="C:\Algonquin College\Semester_4\19F_CST8276 Advance Database Topics\19FAssignment3_starter"/>
    <property name="file.separator" value="\"/>
    <property name="line.separator" value="&#10;"/>
    <property name="java.vm.specification.vendor" value="Oracle Corporation"/>
    <property name="java.specification.name" value="Java Platform API Specification"/>
    <property name="java.awt.graphicsenv" value="sun.awt.Win32GraphicsEnvironment"/>
    <property name="surefire.real.class.path" value="C:\Users\parth\AppData\Local\Temp\surefire8669694443800228339\surefirebooter1221873544511954139.jar"/>
    <property name="sun.boot.class.path" value="C:\java\jdk8u222-b10\jre\lib\resources.jar;C:\java\jdk8u222-b10\jre\lib\rt.jar;C:\java\jdk8u222-b10\jre\lib\sunrsasign.jar;C:\java\jdk8u222-b10\jre\lib\jsse.jar;C:\java\jdk8u222-b10\jre\lib\jce.jar;C:\java\jdk8u222-b10\jre\lib\charsets.jar;C:\java\jdk8u222-b10\jre\lib\jfr.jar;C:\java\jdk8u222-b10\jre\classes"/>
    <property name="user.script" value=""/>
    <property name="sun.management.compiler" value="HotSpot 64-Bit Tiered Compilers"/>
    <property name="java.runtime.version" value="1.8.0_222-b10"/>
    <property name="user.name" value="parth"/>
    <property name="path.separator" value=";"/>
    <property name="os.version" value="10.0"/>
    <property name="java.endorsed.dirs" value="C:\java\jdk8u222-b10\jre\lib\endorsed"/>
    <property name="java.runtime.name" value="OpenJDK Runtime Environment"/>
    <property name="file.encoding" value="Cp1252"/>
    <property name="java.vm.name" value="OpenJDK 64-Bit Server VM"/>
    <property name="localRepository" value="C:\Users\parth\.m2\repository"/>
    <property name="java.vendor.url.bug" value="http://bugreport.sun.com/bugreport/"/>
    <property name="java.io.tmpdir" value="C:\Users\parth\AppData\Local\Temp\"/>
    <property name="java.version" value="1.8.0_222"/>
    <property name="user.dir" value="C:\Algonquin College\Semester_4\19F_CST8276 Advance Database Topics\19FAssignment3_starter"/>
    <property name="os.arch" value="amd64"/>
    <property name="java.vm.specification.name" value="Java Virtual Machine Specification"/>
    <property name="java.awt.printerjob" value="sun.awt.windows.WPrinterJob"/>
    <property name="sun.os.patch.level" value=""/>
    <property name="java.library.path" value="C:\java\jdk8u222-b10\jre\bin;C:\WINDOWS\Sun\Java\bin;C:\WINDOWS\system32;C:\WINDOWS;C:/java/jdk8u222-b10/bin/../jre/bin/server;C:/java/jdk8u222-b10/bin/../jre/bin;C:/java/jdk8u222-b10/bin/../jre/lib/amd64;C:\app\parth\product\12.1.0\dbhome_1\bin;C:\oraclexe\app\oracle\product\11.2.0\server\bin;C:\Program Files\Intel\iCLS Client\;C:\WINDOWS\system32;C:\WINDOWS;C:\WINDOWS\System32\Wbem;C:\WINDOWS\System32\WindowsPowerShell\v1.0\;C:\Program Files\Java\jdk1.8.0_152\bin;C:\WINDOWS\System32\OpenSSH\;C:\Program Files\Git\cmd;C:\Users\parth\AppData\Local\Android\Sdk\platform-tools;C:\Program Files\nodejs\;C:\java\jdk8u222-b10\bin;C:\apache-maven-3.6.1-bin\apache-maven-3.6.1\bin;C:\xampp\php;C:\wamp64\bin\php\php7.3.5;C:\composer;C:\Program Files (x86)\Intel\Intel(R) Management Engine Components\DAL;C:\Program Files\Intel\Intel(R) Management Engine Components\DAL;C:\Users\parth\AppData\Local\Microsoft\WindowsApps;C:\Users\parth\AppData\Local\Microsoft\WindowsApps;C:\Users\parth\AppData\Roaming\npm;C:\Users\parth\AppData\Roaming\Composer\vendor\bin;C:\Users\parth\AppData\Local\Programs\Microsoft VS Code\bin;C:\Users\parth\AppData\Local\Google\Cloud SDK\google-cloud-sdk\bin;C:\Users\parth\cst8277-eclipse-javaee-developer\eclipse;;."/>
    <property name="java.vm.info" value="mixed mode"/>
    <property name="java.vendor" value="AdoptOpenJDK"/>
    <property name="java.vm.version" value="25.222-b10"/>
    <property name="java.ext.dirs" value="C:\java\jdk8u222-b10\jre\lib\ext;C:\WINDOWS\Sun\Java\lib\ext"/>
    <property name="sun.io.unicode.encoding" value="UnicodeLittle"/>
    <property name="java.class.version" value="52.0"/>
  </properties>
  <testcase name="test01" classname="com.algonquincollege.cst8277.assignment3.model.BankingTestSuite" time="0.041"/>
  <testcase name="test02" classname="com.algonquincollege.cst8277.assignment3.model.BankingTestSuite" time="0.009"/>
  <testcase name="test03" classname="com.algonquincollege.cst8277.assignment3.model.BankingTestSuite" time="0.011"/>
  <testcase name="test04" classname="com.algonquincollege.cst8277.assignment3.model.BankingTestSuite" time="0.01"/>
  <testcase name="test05" classname="com.algonquincollege.cst8277.assignment3.model.BankingTestSuite" time="0.001"/>
  <testcase name="test06" classname="com.algonquincollege.cst8277.assignment3.model.BankingTestSuite" time="0.006"/>
  <testcase name="test07" classname="com.algonquincollege.cst8277.assignment3.model.BankingTestSuite" time="0.015"/>
  <testcase name="test08" classname="com.algonquincollege.cst8277.assignment3.model.BankingTestSuite" time="0.021"/>
  <testcase name="test09" classname="com.algonquincollege.cst8277.assignment3.model.BankingTestSuite" time="0.002"/>
  <testcase name="test10" classname="com.algonquincollege.cst8277.assignment3.model.BankingTestSuite" time="0.016">
    <error message="Exception [EclipseLink-5006] (Eclipse Persistence Services - 2.7.3.v20180807-4be1041): org.eclipse.persistence.exceptions.OptimisticLockException&#10;Exception Description: The object [com.algonquincollege.cst8277.assignment3.model.User@5286c33a] cannot be updated because it has changed or been deleted since it was last read. &#10;Class&gt; com.algonquincollege.cst8277.assignment3.model.User Primary Key&gt; 0" type="javax.persistence.OptimisticLockException">javax.persistence.OptimisticLockException: 
Exception [EclipseLink-5006] (Eclipse Persistence Services - 2.7.3.v20180807-4be1041): org.eclipse.persistence.exceptions.OptimisticLockException
Exception Description: The object [com.algonquincollege.cst8277.assignment3.model.User@5286c33a] cannot be updated because it has changed or been deleted since it was last read. 
Class> com.algonquincollege.cst8277.assignment3.model.User Primary Key> 0
	at com.algonquincollege.cst8277.assignment3.model.BankingTestSuite.test10(BankingTestSuite.java:308)
Caused by: org.eclipse.persistence.exceptions.OptimisticLockException: 

Exception Description: The object [com.algonquincollege.cst8277.assignment3.model.User@5286c33a] cannot be updated because it has changed or been deleted since it was last read. 
Class> com.algonquincollege.cst8277.assignment3.model.User Primary Key> 0
	at com.algonquincollege.cst8277.assignment3.model.BankingTestSuite.test10(BankingTestSuite.java:308)
</error>
    <system-out><![CDATA[2019-11-20T19:11:49.605Z &amp#27;[39mDEBUG&amp#27;[0;39m [main      ] &amp#27;[36meclipselink.logging.sql&amp#27;[0;39m - INSERT INTO ACCOUNT (BALANCE, RATE, VERSION, ACCOUNT_TYPE) VALUES (?, ?, ?, ?)
	bind => [4 parameters bound]
2019-11-20T19:11:49.605Z &amp#27;[39mDEBUG&amp#27;[0;39m [main      ] &amp#27;[36meclipselink.logging.sql&amp#27;[0;39m - CALL IDENTITY()
2019-11-20T19:11:49.605Z &amp#27;[39mDEBUG&amp#27;[0;39m [main      ] &amp#27;[36meclipselink.logging.sql&amp#27;[0;39m - INSERT INTO USER_ACCOUNT (BALANCE, VERSION) VALUES (?, ?)
	bind => [2 parameters bound]
2019-11-20T19:11:49.606Z &amp#27;[39mDEBUG&amp#27;[0;39m [main      ] &amp#27;[36meclipselink.logging.sql&amp#27;[0;39m - CALL IDENTITY()
2019-11-20T19:11:49.606Z &amp#27;[39mDEBUG&amp#27;[0;39m [main      ] &amp#27;[36meclipselink.logging.sql&amp#27;[0;39m - INSERT INTO USER_ACCOUNT (BALANCE, VERSION) VALUES (?, ?)
	bind => [2 parameters bound]
2019-11-20T19:11:49.606Z &amp#27;[39mDEBUG&amp#27;[0;39m [main      ] &amp#27;[36meclipselink.logging.sql&amp#27;[0;39m - CALL IDENTITY()
2019-11-20T19:11:49.606Z &amp#27;[39mDEBUG&amp#27;[0;39m [main      ] &amp#27;[36meclipselink.logging.sql&amp#27;[0;39m - INSERT INTO USER_ACCOUNT (BALANCE, VERSION) VALUES (?, ?)
	bind => [2 parameters bound]
2019-11-20T19:11:49.607Z &amp#27;[39mDEBUG&amp#27;[0;39m [main      ] &amp#27;[36meclipselink.logging.sql&amp#27;[0;39m - CALL IDENTITY()
2019-11-20T19:11:49.610Z &amp#27;[39mDEBUG&amp#27;[0;39m [main      ] &amp#27;[36meclipselink.logging.sql&amp#27;[0;39m - UPDATE USER_ACCOUNT SET VERSION = ? WHERE ((USER_ID = ?) AND (VERSION = ?))
	bind => [3 parameters bound]
2019-11-20T19:11:49.613Z &amp#27;[31mWARN &amp#27;[0;39m [main      ] &amp#27;[36meclipselink.logging.all&amp#27;[0;39m - Exception [EclipseLink-5006] (Eclipse Persistence Services - 2.7.3.v20180807-4be1041): org.eclipse.persistence.exceptions.OptimisticLockException
Exception Description: The object [com.algonquincollege.cst8277.assignment3.model.User@5286c33a] cannot be updated because it has changed or been deleted since it was last read. 
Class> com.algonquincollege.cst8277.assignment3.model.User Primary Key> 0
]]></system-out>
  </testcase>
  <testcase name="test11" classname="com.algonquincollege.cst8277.assignment3.model.BankingTestSuite" time="0.021"/>
  <testcase name="test12" classname="com.algonquincollege.cst8277.assignment3.model.BankingTestSuite" time="0.008"/>
  <testcase name="test13" classname="com.algonquincollege.cst8277.assignment3.model.BankingTestSuite" time="0.004"/>
  <testcase name="test14" classname="com.algonquincollege.cst8277.assignment3.model.BankingTestSuite" time="0.007"/>
  <testcase name="test15" classname="com.algonquincollege.cst8277.assignment3.model.BankingTestSuite" time="0.003"/>
  <testcase name="test16" classname="com.algonquincollege.cst8277.assignment3.model.BankingTestSuite" time="0.005"/>
  <testcase name="test17" classname="com.algonquincollege.cst8277.assignment3.model.BankingTestSuite" time="0.004"/>
  <testcase name="test18" classname="com.algonquincollege.cst8277.assignment3.model.BankingTestSuite" time="0.005"/>
  <testcase name="test19" classname="com.algonquincollege.cst8277.assignment3.model.BankingTestSuite" time="0.007"/>
  <testcase name="test20" classname="com.algonquincollege.cst8277.assignment3.model.BankingTestSuite" time="0.008"/>
  <testcase name="test21" classname="com.algonquincollege.cst8277.assignment3.model.BankingTestSuite" time="0.006"/>
  <testcase name="test22" classname="com.algonquincollege.cst8277.assignment3.model.BankingTestSuite" time="0.007"/>
  <testcase name="test23" classname="com.algonquincollege.cst8277.assignment3.model.BankingTestSuite" time="0.029"/>
  <testcase name="test24" classname="com.algonquincollege.cst8277.assignment3.model.BankingTestSuite" time="0.006"/>
  <testcase name="test25" classname="com.algonquincollege.cst8277.assignment3.model.BankingTestSuite" time="0.003"/>
  <testcase name="test26" classname="com.algonquincollege.cst8277.assignment3.model.BankingTestSuite" time="0.003"/>
  <testcase name="test27" classname="com.algonquincollege.cst8277.assignment3.model.BankingTestSuite" time="0.006"/>
  <testcase name="test28" classname="com.algonquincollege.cst8277.assignment3.model.BankingTestSuite" time="0.009"/>
  <testcase name="test29" classname="com.algonquincollege.cst8277.assignment3.model.BankingTestSuite" time="0.003"/>
  <testcase name="test30" classname="com.algonquincollege.cst8277.assignment3.model.BankingTestSuite" time="0.003"/>
  <testcase name="test31" classname="com.algonquincollege.cst8277.assignment3.model.BankingTestSuite" time="0.006">
    <error message="javax.persistence.OptimisticLockException: Exception [EclipseLink-5006] (Eclipse Persistence Services - 2.7.3.v20180807-4be1041): org.eclipse.persistence.exceptions.OptimisticLockException&#10;Exception Description: The object [com.algonquincollege.cst8277.assignment3.model.User@5d018107] cannot be updated because it has changed or been deleted since it was last read. &#10;Class&gt; com.algonquincollege.cst8277.assignment3.model.User Primary Key&gt; 0" type="javax.persistence.RollbackException">javax.persistence.RollbackException: 
javax.persistence.OptimisticLockException: Exception [EclipseLink-5006] (Eclipse Persistence Services - 2.7.3.v20180807-4be1041): org.eclipse.persistence.exceptions.OptimisticLockException
Exception Description: The object [com.algonquincollege.cst8277.assignment3.model.User@5d018107] cannot be updated because it has changed or been deleted since it was last read. 
Class> com.algonquincollege.cst8277.assignment3.model.User Primary Key> 0
	at com.algonquincollege.cst8277.assignment3.model.BankingTestSuite.test31(BankingTestSuite.java:936)
Caused by: javax.persistence.OptimisticLockException: 
Exception [EclipseLink-5006] (Eclipse Persistence Services - 2.7.3.v20180807-4be1041): org.eclipse.persistence.exceptions.OptimisticLockException
Exception Description: The object [com.algonquincollege.cst8277.assignment3.model.User@5d018107] cannot be updated because it has changed or been deleted since it was last read. 
Class> com.algonquincollege.cst8277.assignment3.model.User Primary Key> 0
	at com.algonquincollege.cst8277.assignment3.model.BankingTestSuite.test31(BankingTestSuite.java:936)
Caused by: org.eclipse.persistence.exceptions.OptimisticLockException: 

Exception Description: The object [com.algonquincollege.cst8277.assignment3.model.User@5d018107] cannot be updated because it has changed or been deleted since it was last read. 
Class> com.algonquincollege.cst8277.assignment3.model.User Primary Key> 0
	at com.algonquincollege.cst8277.assignment3.model.BankingTestSuite.test31(BankingTestSuite.java:936)
</error>
    <system-out><![CDATA[2019-11-20T19:11:49.768Z &amp#27;[39mDEBUG&amp#27;[0;39m [main      ] &amp#27;[36meclipselink.logging.sql&amp#27;[0;39m - SELECT USER_ID, BALANCE, VERSION FROM USER_ACCOUNT WHERE (USER_ID = ?)
	bind => [1 parameter bound]
2019-11-20T19:11:49.770Z &amp#27;[39mDEBUG&amp#27;[0;39m [main      ] &amp#27;[36meclipselink.logging.sql&amp#27;[0;39m - UPDATE USER_ACCOUNT SET BALANCE = ?, VERSION = ? WHERE ((USER_ID = ?) AND (VERSION = ?))
	bind => [4 parameters bound]
2019-11-20T19:11:49.771Z &amp#27;[31mWARN &amp#27;[0;39m [main      ] &amp#27;[36meclipselink.logging.all&amp#27;[0;39m - Exception [EclipseLink-5006] (Eclipse Persistence Services - 2.7.3.v20180807-4be1041): org.eclipse.persistence.exceptions.OptimisticLockException
Exception Description: The object [com.algonquincollege.cst8277.assignment3.model.User@5d018107] cannot be updated because it has changed or been deleted since it was last read. 
Class> com.algonquincollege.cst8277.assignment3.model.User Primary Key> 0
]]></system-out>
  </testcase>
  <testcase name="test32" classname="com.algonquincollege.cst8277.assignment3.model.BankingTestSuite" time="0.002"/>
  <testcase name="test33" classname="com.algonquincollege.cst8277.assignment3.model.BankingTestSuite" time="0.011"/>
  <testcase name="test34" classname="com.algonquincollege.cst8277.assignment3.model.BankingTestSuite" time="0.003"/>
  <testcase name="test35" classname="com.algonquincollege.cst8277.assignment3.model.BankingTestSuite" time="0.002"/>
  <testcase name="test36" classname="com.algonquincollege.cst8277.assignment3.model.BankingTestSuite" time="0.004"/>
  <testcase name="test37" classname="com.algonquincollege.cst8277.assignment3.model.BankingTestSuite" time="0.003"/>
  <testcase name="test38" classname="com.algonquincollege.cst8277.assignment3.model.BankingTestSuite" time="0.002"/>
  <testcase name="test39" classname="com.algonquincollege.cst8277.assignment3.model.BankingTestSuite" time="0.002"/>
  <testcase name="test40" classname="com.algonquincollege.cst8277.assignment3.model.BankingTestSuite" time="0.004"/>
</testsuite>